2024-07-16 05:32:42.302 [info] Extension host with pid 3436 started
2024-07-16 05:32:42.322 [info] Lock '/home/sanjay_siddi/.codeoss/data/User/workspaceStorage/-407ea972/vscode.lock': Lock acquired.
2024-07-16 05:32:42.511 [info] ExtensionService#_doActivateExtension vscode.emmet, startup: false, activationEvent: 'onLanguage'
2024-07-16 05:32:42.766 [info] ExtensionService#_doActivateExtension vscode.git-base, startup: true, activationEvent: '*', root cause: vscode.git
2024-07-16 05:32:42.920 [info] ExtensionService#_doActivateExtension vscode.git, startup: true, activationEvent: '*'
2024-07-16 05:32:42.920 [info] ExtensionService#_doActivateExtension vscode.github, startup: true, activationEvent: '*'
2024-07-16 05:32:45.227 [info] ExtensionService#_doActivateExtension redhat.fabric8-analytics, startup: true, activationEvent: 'workspaceContains:**/package.json,**/pom.xml,**/go.mod,**/requirements.txt'
2024-07-16 05:32:45.228 [info] ExtensionService#_doActivateExtension hashicorp.terraform, startup: true, activationEvent: 'workspaceContains:**/*.tf,**/*.tfvars'
2024-07-16 05:32:46.954 [error] Error: write EPIPE
	at afterWriteDispatched (node:internal/stream_base_commons:160:15)
	at writeGeneric (node:internal/stream_base_commons:151:3)
	at Socket._writeGeneric (node:net:962:11)
	at Socket._write (node:net:974:8)
	at writeOrBuffer (node:internal/streams/writable:392:12)
	at _write (node:internal/streams/writable:333:10)
	at Writable.write (node:internal/streams/writable:337:10)
	at /google/devshell/editor/code-oss-for-cloud-shell/extensions/hashicorp.terraform-2.30.2@darwin/out/extension.js:2:472074
	at new Promise (<anonymous>)
	at a.write (/google/devshell/editor/code-oss-for-cloud-shell/extensions/hashicorp.terraform-2.30.2@darwin/out/extension.js:2:471992)
	at y.doWrite (/google/devshell/editor/code-oss-for-cloud-shell/extensions/hashicorp.terraform-2.30.2@darwin/out/extension.js:2:459610)
	at /google/devshell/editor/code-oss-for-cloud-shell/extensions/hashicorp.terraform-2.30.2@darwin/out/extension.js:2:459505
2024-07-16 05:32:46.955 [error] Error: Client is not running and can't be stopped. It's current state is: starting
	at w.shutdown (/google/devshell/editor/code-oss-for-cloud-shell/extensions/hashicorp.terraform-2.30.2@darwin/out/extension.js:2:494556)
	at w.stop (/google/devshell/editor/code-oss-for-cloud-shell/extensions/hashicorp.terraform-2.30.2@darwin/out/extension.js:2:494137)
	at w.stop (/google/devshell/editor/code-oss-for-cloud-shell/extensions/hashicorp.terraform-2.30.2@darwin/out/extension.js:2:660290)
	at w.doInitialize (/google/devshell/editor/code-oss-for-cloud-shell/extensions/hashicorp.terraform-2.30.2@darwin/out/extension.js:2:493673)
	at process.processTicksAndRejections (node:internal/process/task_queues:95:5)
	at async w.initialize (/google/devshell/editor/code-oss-for-cloud-shell/extensions/hashicorp.terraform-2.30.2@darwin/out/extension.js:2:491598)
	at async w.start (/google/devshell/editor/code-oss-for-cloud-shell/extensions/hashicorp.terraform-2.30.2@darwin/out/extension.js:2:490526)
2024-07-16 05:32:52.794 [info] ExtensionService#_doActivateExtension EditorConfig.EditorConfig, startup: false, activationEvent: 'onStartupFinished'
2024-07-16 05:32:52.795 [info] ExtensionService#_doActivateExtension google.cloud-shell, startup: false, activationEvent: 'onStartupFinished'
2024-07-16 05:32:52.795 [info] ExtensionService#_doActivateExtension googlecloudtools.cloudcode, startup: false, activationEvent: 'onStartupFinished'
2024-07-16 05:32:52.796 [info] ExtensionService#_doActivateExtension vscode.debug-auto-launch, startup: false, activationEvent: 'onStartupFinished'
2024-07-16 05:32:52.796 [info] ExtensionService#_doActivateExtension vscode.merge-conflict, startup: false, activationEvent: 'onStartupFinished'
2024-07-16 05:32:55.878 [info] ExtensionService#_doActivateExtension vscode.json-language-features, startup: false, activationEvent: 'onLanguage:jsonc'
2024-07-16 05:32:55.878 [info] ExtensionService#_doActivateExtension vscode.typescript-language-features, startup: false, activationEvent: 'onLanguage:jsonc'
