2024-07-16 05:01:06.768 [info] Extension host with pid 2240 started
2024-07-16 05:01:06.779 [info] Lock '/home/sanjay_siddi/.codeoss/data/User/workspaceStorage/551067d5/vscode.lock': Lock acquired.
2024-07-16 05:01:06.935 [info] ExtensionService#_doActivateExtension vscode.git-base, startup: true, activationEvent: '*', root cause: vscode.git
2024-07-16 05:01:07.051 [info] ExtensionService#_doActivateExtension vscode.git, startup: true, activationEvent: '*'
2024-07-16 05:01:07.051 [info] ExtensionService#_doActivateExtension vscode.github, startup: true, activationEvent: '*'
2024-07-16 05:01:07.614 [info] ExtensionService#_doActivateExtension vscode.github-authentication, startup: false, activationEvent: 'onAuthenticationRequest:github'
2024-07-16 05:01:11.991 [info] ExtensionService#_doActivateExtension redhat.fabric8-analytics, startup: true, activationEvent: 'workspaceContains:**/package.json,**/pom.xml,**/go.mod,**/requirements.txt'
2024-07-16 05:01:11.992 [info] ExtensionService#_doActivateExtension hashicorp.terraform, startup: true, activationEvent: 'workspaceContains:**/*.tf,**/*.tfvars'
2024-07-16 05:01:13.874 [error] Error: write EPIPE
	at afterWriteDispatched (node:internal/stream_base_commons:160:15)
	at writeGeneric (node:internal/stream_base_commons:151:3)
	at Socket._writeGeneric (node:net:962:11)
	at Socket._write (node:net:974:8)
	at writeOrBuffer (node:internal/streams/writable:392:12)
	at _write (node:internal/streams/writable:333:10)
	at Writable.write (node:internal/streams/writable:337:10)
	at /google/devshell/editor/code-oss-for-cloud-shell/extensions/hashicorp.terraform-2.30.2@darwin/out/extension.js:2:472074
	at new Promise (<anonymous>)
	at a.write (/google/devshell/editor/code-oss-for-cloud-shell/extensions/hashicorp.terraform-2.30.2@darwin/out/extension.js:2:471992)
	at y.doWrite (/google/devshell/editor/code-oss-for-cloud-shell/extensions/hashicorp.terraform-2.30.2@darwin/out/extension.js:2:459610)
	at /google/devshell/editor/code-oss-for-cloud-shell/extensions/hashicorp.terraform-2.30.2@darwin/out/extension.js:2:459505
2024-07-16 05:01:13.875 [error] Error: Client is not running and can't be stopped. It's current state is: starting
	at w.shutdown (/google/devshell/editor/code-oss-for-cloud-shell/extensions/hashicorp.terraform-2.30.2@darwin/out/extension.js:2:494556)
	at w.stop (/google/devshell/editor/code-oss-for-cloud-shell/extensions/hashicorp.terraform-2.30.2@darwin/out/extension.js:2:494137)
	at w.stop (/google/devshell/editor/code-oss-for-cloud-shell/extensions/hashicorp.terraform-2.30.2@darwin/out/extension.js:2:660290)
	at w.doInitialize (/google/devshell/editor/code-oss-for-cloud-shell/extensions/hashicorp.terraform-2.30.2@darwin/out/extension.js:2:493673)
	at process.processTicksAndRejections (node:internal/process/task_queues:95:5)
	at async w.initialize (/google/devshell/editor/code-oss-for-cloud-shell/extensions/hashicorp.terraform-2.30.2@darwin/out/extension.js:2:491598)
	at async w.start (/google/devshell/editor/code-oss-for-cloud-shell/extensions/hashicorp.terraform-2.30.2@darwin/out/extension.js:2:490526)
2024-07-16 05:01:16.947 [info] ExtensionService#_doActivateExtension EditorConfig.EditorConfig, startup: false, activationEvent: 'onStartupFinished'
2024-07-16 05:01:16.948 [info] ExtensionService#_doActivateExtension google.cloud-shell, startup: false, activationEvent: 'onStartupFinished'
2024-07-16 05:01:16.949 [info] ExtensionService#_doActivateExtension googlecloudtools.cloudcode, startup: false, activationEvent: 'onStartupFinished'
2024-07-16 05:01:16.949 [info] ExtensionService#_doActivateExtension vscode.debug-auto-launch, startup: false, activationEvent: 'onStartupFinished'
2024-07-16 05:01:16.950 [info] ExtensionService#_doActivateExtension vscode.merge-conflict, startup: false, activationEvent: 'onStartupFinished'
2024-07-16 05:01:19.721 [info] ExtensionService#_doActivateExtension vscode.json-language-features, startup: false, activationEvent: 'onLanguage:jsonc'
2024-07-16 05:01:19.722 [info] ExtensionService#_doActivateExtension vscode.typescript-language-features, startup: false, activationEvent: 'onLanguage:jsonc'
2024-07-16 05:01:19.723 [info] ExtensionService#_doActivateExtension vscode.emmet, startup: false, activationEvent: 'onLanguage'
2024-07-16 05:01:20.531 [info] Extension host terminating: received terminate message from renderer
2024-07-16 05:01:20.536 [info] Lock '/home/sanjay_siddi/.codeoss/data/User/workspaceStorage/551067d5/vscode.lock': Marking the lockfile as scheduled to be released in 6000 ms.
2024-07-16 05:01:20.622 [error] Canceled: Canceled
    at new L (/google/devshell/editor/code-oss-for-cloud-shell/out/vs/workbench/api/node/extensionHostProcess.js:143:47131)
    at c.U (/google/devshell/editor/code-oss-for-cloud-shell/out/vs/workbench/api/node/extensionHostProcess.js:150:5542)
    at Proxy.F.<computed>.z.charCodeAt.F.<computed> (/google/devshell/editor/code-oss-for-cloud-shell/out/vs/workbench/api/node/extensionHostProcess.js:150:2993)
    at r.g (/google/devshell/editor/code-oss-for-cloud-shell/out/vs/workbench/api/node/extensionHostProcess.js:153:188926)
    at r.executeCommand (/google/devshell/editor/code-oss-for-cloud-shell/out/vs/workbench/api/node/extensionHostProcess.js:153:188364)
    at k.registerCommand.description (/google/devshell/editor/code-oss-for-cloud-shell/out/vs/workbench/api/node/extensionHostProcess.js:153:187688)
    at r.h (/google/devshell/editor/code-oss-for-cloud-shell/out/vs/workbench/api/node/extensionHostProcess.js:153:189465)
    at r.g (/google/devshell/editor/code-oss-for-cloud-shell/out/vs/workbench/api/node/extensionHostProcess.js:153:188457)
    at r.executeCommand (/google/devshell/editor/code-oss-for-cloud-shell/out/vs/workbench/api/node/extensionHostProcess.js:153:188364)
    at Object.executeCommand (/google/devshell/editor/code-oss-for-cloud-shell/out/vs/workbench/api/node/extensionHostProcess.js:163:22673)
    at a.O [as value] (/google/devshell/editor/code-oss-for-cloud-shell/extensions/git/dist/main.js:2:167800)
    at o.y (/google/devshell/editor/code-oss-for-cloud-shell/out/vs/workbench/api/node/extensionHostProcess.js:82:660)
    at o.z (/google/devshell/editor/code-oss-for-cloud-shell/out/vs/workbench/api/node/extensionHostProcess.js:82:730)
    at o.fire (/google/devshell/editor/code-oss-for-cloud-shell/out/vs/workbench/api/node/extensionHostProcess.js:82:946)
    at Object.p [as dispose] (/google/devshell/editor/code-oss-for-cloud-shell/extensions/git/dist/main.js:2:186884)
    at /google/devshell/editor/code-oss-for-cloud-shell/extensions/git/dist/main.js:2:192922
    at Array.forEach (<anonymous>)
    at f.dispose (/google/devshell/editor/code-oss-for-cloud-shell/extensions/git/dist/main.js:2:192908)
    at h.<anonymous> (/google/devshell/editor/code-oss-for-cloud-shell/out/vs/workbench/api/node/extensionHostProcess.js:151:3955)
    at h.dispose (/google/devshell/editor/code-oss-for-cloud-shell/out/vs/workbench/api/node/extensionHostProcess.js:151:4052)
    at h.<anonymous> (/google/devshell/editor/code-oss-for-cloud-shell/extensions/git/dist/main.js:2:170057)
    at h.dispose (/google/devshell/editor/code-oss-for-cloud-shell/out/vs/workbench/api/node/extensionHostProcess.js:151:4052)
    at a (/google/devshell/editor/code-oss-for-cloud-shell/out/vs/workbench/api/node/extensionHostProcess.js:30:744)
    at f.eb (/google/devshell/editor/code-oss-for-cloud-shell/out/vs/workbench/api/node/extensionHostProcess.js:159:9975)
    at /google/devshell/editor/code-oss-for-cloud-shell/out/vs/workbench/api/node/extensionHostProcess.js:159:7824
    at Array.map (<anonymous>)
    at f.$ (/google/devshell/editor/code-oss-for-cloud-shell/out/vs/workbench/api/node/extensionHostProcess.js:159:7811)
    at f.terminate (/google/devshell/editor/code-oss-for-cloud-shell/out/vs/workbench/api/node/extensionHostProcess.js:159:8085)
    at a.terminate (/google/devshell/editor/code-oss-for-cloud-shell/out/vs/workbench/api/node/extensionHostProcess.js:163:1513)
    at t (/google/devshell/editor/code-oss-for-cloud-shell/out/vs/workbench/api/node/extensionHostProcess.js:176:9922)
    at a.value (/google/devshell/editor/code-oss-for-cloud-shell/out/vs/workbench/api/node/extensionHostProcess.js:176:7969)
    at o.y (/google/devshell/editor/code-oss-for-cloud-shell/out/vs/workbench/api/node/extensionHostProcess.js:82:660)
    at o.fire (/google/devshell/editor/code-oss-for-cloud-shell/out/vs/workbench/api/node/extensionHostProcess.js:82:877)
    at u.fire (/google/devshell/editor/code-oss-for-cloud-shell/out/vs/workbench/api/node/extensionHostProcess.js:107:14175)
    at r.z (/google/devshell/editor/code-oss-for-cloud-shell/out/vs/workbench/api/node/extensionHostProcess.js:107:17240)
    at a.value (/google/devshell/editor/code-oss-for-cloud-shell/out/vs/workbench/api/node/extensionHostProcess.js:107:15692)
    at o.y (/google/devshell/editor/code-oss-for-cloud-shell/out/vs/workbench/api/node/extensionHostProcess.js:82:660)
    at o.fire (/google/devshell/editor/code-oss-for-cloud-shell/out/vs/workbench/api/node/extensionHostProcess.js:82:877)
    at f.acceptChunk (/google/devshell/editor/code-oss-for-cloud-shell/out/vs/workbench/api/node/extensionHostProcess.js:107:11949)
    at a.value (/google/devshell/editor/code-oss-for-cloud-shell/out/vs/workbench/api/node/extensionHostProcess.js:107:11236)
    at o.y (/google/devshell/editor/code-oss-for-cloud-shell/out/vs/workbench/api/node/extensionHostProcess.js:82:660)
    at o.fire (/google/devshell/editor/code-oss-for-cloud-shell/out/vs/workbench/api/node/extensionHostProcess.js:82:877)
    at i.z (/google/devshell/editor/code-oss-for-cloud-shell/out/vs/workbench/api/node/extensionHostProcess.js:173:19732)
    at i.acceptFrame (/google/devshell/editor/code-oss-for-cloud-shell/out/vs/workbench/api/node/extensionHostProcess.js:173:19538)
    at n (/google/devshell/editor/code-oss-for-cloud-shell/out/vs/workbench/api/node/extensionHostProcess.js:173:18037)
    at /google/devshell/editor/code-oss-for-cloud-shell/out/vs/workbench/api/node/extensionHostProcess.js:173:15257
    at Socket.S (/google/devshell/editor/code-oss-for-cloud-shell/out/vs/workbench/api/node/extensionHostProcess.js:173:13162)
    at Socket.emit (node:events:517:28)
    at addChunk (node:internal/streams/readable:335:12)
    at readableAddChunk (node:internal/streams/readable:308:9)
    at Socket.Readable.push (node:internal/streams/readable:245:10)
    at TCP.onStreamRead (node:internal/stream_base_commons:190:23) setContext undefined
2024-07-16 05:01:20.631 [error] Canceled: Canceled
    at new L (/google/devshell/editor/code-oss-for-cloud-shell/out/vs/workbench/api/node/extensionHostProcess.js:143:47131)
    at c.U (/google/devshell/editor/code-oss-for-cloud-shell/out/vs/workbench/api/node/extensionHostProcess.js:150:5542)
    at Proxy.F.<computed>.z.charCodeAt.F.<computed> (/google/devshell/editor/code-oss-for-cloud-shell/out/vs/workbench/api/node/extensionHostProcess.js:150:2993)
    at r.g (/google/devshell/editor/code-oss-for-cloud-shell/out/vs/workbench/api/node/extensionHostProcess.js:153:188926)
    at r.executeCommand (/google/devshell/editor/code-oss-for-cloud-shell/out/vs/workbench/api/node/extensionHostProcess.js:153:188364)
    at k.registerCommand.description (/google/devshell/editor/code-oss-for-cloud-shell/out/vs/workbench/api/node/extensionHostProcess.js:153:187688)
    at r.h (/google/devshell/editor/code-oss-for-cloud-shell/out/vs/workbench/api/node/extensionHostProcess.js:153:189465)
    at r.g (/google/devshell/editor/code-oss-for-cloud-shell/out/vs/workbench/api/node/extensionHostProcess.js:153:188457)
    at r.executeCommand (/google/devshell/editor/code-oss-for-cloud-shell/out/vs/workbench/api/node/extensionHostProcess.js:153:188364)
    at Object.executeCommand (/google/devshell/editor/code-oss-for-cloud-shell/out/vs/workbench/api/node/extensionHostProcess.js:163:22673)
    at a.VscodeDevShareProvider.set hasGitHubRepositories [as hasGitHubRepositories] (/google/devshell/editor/code-oss-for-cloud-shell/extensions/github/dist/extension.js:2:25681)
    at /google/devshell/editor/code-oss-for-cloud-shell/extensions/github/dist/extension.js:2:26640
    at a.value (/google/devshell/editor/code-oss-for-cloud-shell/extensions/git/dist/main.js:2:273373)
    at o.y (/google/devshell/editor/code-oss-for-cloud-shell/out/vs/workbench/api/node/extensionHostProcess.js:82:660)
    at o.z (/google/devshell/editor/code-oss-for-cloud-shell/out/vs/workbench/api/node/extensionHostProcess.js:82:730)
    at o.fire (/google/devshell/editor/code-oss-for-cloud-shell/out/vs/workbench/api/node/extensionHostProcess.js:82:946)
    at Object.p [as dispose] (/google/devshell/editor/code-oss-for-cloud-shell/extensions/git/dist/main.js:2:186884)
    at /google/devshell/editor/code-oss-for-cloud-shell/extensions/git/dist/main.js:2:192922
    at Array.forEach (<anonymous>)
    at f.dispose (/google/devshell/editor/code-oss-for-cloud-shell/extensions/git/dist/main.js:2:192908)
    at h.<anonymous> (/google/devshell/editor/code-oss-for-cloud-shell/out/vs/workbench/api/node/extensionHostProcess.js:151:3955)
    at h.dispose (/google/devshell/editor/code-oss-for-cloud-shell/out/vs/workbench/api/node/extensionHostProcess.js:151:4052)
    at h.<anonymous> (/google/devshell/editor/code-oss-for-cloud-shell/extensions/git/dist/main.js:2:170057)
    at h.dispose (/google/devshell/editor/code-oss-for-cloud-shell/out/vs/workbench/api/node/extensionHostProcess.js:151:4052)
    at a (/google/devshell/editor/code-oss-for-cloud-shell/out/vs/workbench/api/node/extensionHostProcess.js:30:744)
    at f.eb (/google/devshell/editor/code-oss-for-cloud-shell/out/vs/workbench/api/node/extensionHostProcess.js:159:9975)
    at /google/devshell/editor/code-oss-for-cloud-shell/out/vs/workbench/api/node/extensionHostProcess.js:159:7824
    at Array.map (<anonymous>)
    at f.$ (/google/devshell/editor/code-oss-for-cloud-shell/out/vs/workbench/api/node/extensionHostProcess.js:159:7811)
    at f.terminate (/google/devshell/editor/code-oss-for-cloud-shell/out/vs/workbench/api/node/extensionHostProcess.js:159:8085)
    at a.terminate (/google/devshell/editor/code-oss-for-cloud-shell/out/vs/workbench/api/node/extensionHostProcess.js:163:1513)
    at t (/google/devshell/editor/code-oss-for-cloud-shell/out/vs/workbench/api/node/extensionHostProcess.js:176:9922)
    at a.value (/google/devshell/editor/code-oss-for-cloud-shell/out/vs/workbench/api/node/extensionHostProcess.js:176:7969)
    at o.y (/google/devshell/editor/code-oss-for-cloud-shell/out/vs/workbench/api/node/extensionHostProcess.js:82:660)
    at o.fire (/google/devshell/editor/code-oss-for-cloud-shell/out/vs/workbench/api/node/extensionHostProcess.js:82:877)
    at u.fire (/google/devshell/editor/code-oss-for-cloud-shell/out/vs/workbench/api/node/extensionHostProcess.js:107:14175)
    at r.z (/google/devshell/editor/code-oss-for-cloud-shell/out/vs/workbench/api/node/extensionHostProcess.js:107:17240)
    at a.value (/google/devshell/editor/code-oss-for-cloud-shell/out/vs/workbench/api/node/extensionHostProcess.js:107:15692)
    at o.y (/google/devshell/editor/code-oss-for-cloud-shell/out/vs/workbench/api/node/extensionHostProcess.js:82:660)
    at o.fire (/google/devshell/editor/code-oss-for-cloud-shell/out/vs/workbench/api/node/extensionHostProcess.js:82:877)
    at f.acceptChunk (/google/devshell/editor/code-oss-for-cloud-shell/out/vs/workbench/api/node/extensionHostProcess.js:107:11949)
    at a.value (/google/devshell/editor/code-oss-for-cloud-shell/out/vs/workbench/api/node/extensionHostProcess.js:107:11236)
    at o.y (/google/devshell/editor/code-oss-for-cloud-shell/out/vs/workbench/api/node/extensionHostProcess.js:82:660)
    at o.fire (/google/devshell/editor/code-oss-for-cloud-shell/out/vs/workbench/api/node/extensionHostProcess.js:82:877)
    at i.z (/google/devshell/editor/code-oss-for-cloud-shell/out/vs/workbench/api/node/extensionHostProcess.js:173:19732)
    at i.acceptFrame (/google/devshell/editor/code-oss-for-cloud-shell/out/vs/workbench/api/node/extensionHostProcess.js:173:19538)
    at n (/google/devshell/editor/code-oss-for-cloud-shell/out/vs/workbench/api/node/extensionHostProcess.js:173:18037)
    at /google/devshell/editor/code-oss-for-cloud-shell/out/vs/workbench/api/node/extensionHostProcess.js:173:15257
    at Socket.S (/google/devshell/editor/code-oss-for-cloud-shell/out/vs/workbench/api/node/extensionHostProcess.js:173:13162)
    at Socket.emit (node:events:517:28)
    at addChunk (node:internal/streams/readable:335:12)
    at readableAddChunk (node:internal/streams/readable:308:9)
    at Socket.Readable.push (node:internal/streams/readable:245:10)
    at TCP.onStreamRead (node:internal/stream_base_commons:190:23) setContext undefined
2024-07-16 05:01:20.638 [info] Eager extensions activated
2024-07-16 05:01:20.719 [info] Extension host with pid 2240 exiting with code 0
